2019-08-19T09:21:29.555Z [error]: No articles found! (404)
2019-08-19T09:21:35.826Z [error]: No articles found! (404)
2019-08-19T09:21:39.392Z [error]: No articles found! (404)
2019-08-19T09:22:10.179Z [error]: No articles found! (404)
2019-08-19T09:22:41.748Z [error]: No articles found! (404)
2019-08-19T09:22:45.701Z [error]: No articles found! (404)
2019-08-19T09:22:52.923Z [error]: No articles found! (404)
2019-08-19T09:23:15.088Z [error]: No articles found! (404)
2019-08-19T09:28:16.050Z [error]: No articles found! (404)
2019-08-19T09:28:20.312Z [error]: No articles found! (404)
2019-08-19T09:37:04.963Z [error]: No articles found! (404)
2019-08-19T14:56:25.923Z [error]: No articles found! (404)
2019-08-19T15:17:20.332Z [error]: No articles found! (404)
2019-08-19T15:17:23.043Z [error]: No articles found! (404)
2019-08-19T15:17:47.967Z [error]: No articles found! (404)
2019-08-19T15:17:58.580Z [error]: No articles found! (404)
2019-08-20T09:41:05.292Z [error]: No sources found! (404)
2019-08-20T09:41:08.175Z [error]: No sources found! (404)
2019-08-20T09:41:10.616Z [error]: No sources found! (404)
2019-08-20T09:42:01.004Z [error]: No sources found! (404)
2019-08-20T09:42:34.662Z [error]: No sources found! (404)
2019-08-20T09:43:11.792Z [error]: No sources found! (404)
2019-08-20T09:45:49.090Z [error]: No sources found! (404)
2019-08-20T09:46:19.913Z [error]: No sources found! (404)
2019-08-20T09:46:58.237Z [error]: No sources found! (404)
2019-08-20T09:47:23.935Z [error]: No sources found! (404)
2019-08-20T09:51:55.546Z [error]: No sources found! (404)
2019-08-20T09:52:21.902Z [error]: No sources found! (404)
2019-08-20T09:52:32.017Z [error]: No sources found! (404)
2019-08-20T09:53:09.973Z [error]: No sources found! (404)
2019-08-20T09:53:26.803Z [error]: No sources found! (404)
2019-08-20T09:53:47.078Z [error]: No sources found! (404)
2019-08-20T09:53:59.558Z [error]: No sources found! (404)
2019-08-20T09:54:20.169Z [error]: No sources found! (404)
2019-08-20T09:54:48.894Z [error]: No sources found! (404)
2019-08-20T09:54:53.428Z [error]: No sources found! (404)
2019-08-20T09:55:11.649Z [error]: No sources found! (404)
2019-08-20T09:55:52.765Z [error]: No sources found! (404)
2019-08-20T09:56:25.336Z [error]: No sources found! (404)
2019-08-20T09:57:23.230Z [error]: No sources found! (404)
2019-08-20T09:57:31.665Z [error]: No sources found! (404)
2019-08-20T09:57:35.822Z [error]: No sources found! (404)
2019-09-01T10:15:29.438Z [error]: ReferenceError: x is not defined (404)
2019-09-01T10:16:15.182Z [error]: ReferenceError: x is not defined (404)
2019-09-01T10:17:08.318Z [error]: ReferenceError: x is not defined (404)
2019-09-01T10:17:42.215Z [error]: ReferenceError: x is not defined (404)
2019-09-01T10:20:54.622Z [error]: No articles found!
2019-09-01T10:20:58.655Z [error]: No articles found!
2019-09-01T10:21:02.222Z [error]: No articles found!
2019-09-01T10:21:06.323Z [error]: No articles found!
2019-09-01T10:21:09.704Z [error]: No articles found!
2019-09-01T10:21:13.336Z [error]: No articles found!
2019-09-01T10:21:18.264Z [error]: No articles found!
2019-09-01T10:21:21.234Z [error]: No articles found!
2019-09-01T10:21:24.403Z [error]: No articles found!
2019-09-01T10:21:27.067Z [error]: No articles found!
2019-09-01T10:22:12.348Z [error]: No articles found!
2019-09-01T10:22:14.778Z [error]: No articles found!
2019-09-01T10:22:17.093Z [error]: No articles found!
2019-09-01T10:22:19.324Z [error]: No articles found!
2019-09-01T10:22:21.009Z [error]: No articles found!
2019-09-01T10:22:22.179Z [error]: No articles found!
2019-09-01T10:22:24.612Z [error]: No articles found!
2019-09-01T10:22:27.826Z [error]: No articles found!
2019-09-01T10:22:29.308Z [error]: No articles found!
2019-09-01T10:22:31.099Z [error]: No articles found!
2019-09-01T10:22:32.266Z [error]: No articles found!
2019-09-01T10:22:34.448Z [error]: No articles found!
2019-09-01T10:22:37.318Z [error]: No articles found!
2019-09-01T10:22:39.879Z [error]: No articles found!
2019-09-01T10:22:43.483Z [error]: No articles found!
2019-09-01T10:22:45.523Z [error]: No articles found!
2019-09-01T10:22:49.089Z [error]: No articles found!
2019-09-01T10:22:52.566Z [error]: No articles found!
2019-09-01T10:22:55.628Z [error]: No articles found!
2019-09-03T03:39:07.942Z [warn]: [API]: 3.786799ms (Violation by -496.213201ms)
2019-09-03T03:39:21.377Z [warn]: [API]: 4.7708ms (Violation by 3.7708000000000004ms)
2019-09-03T03:41:44.550Z [warn]: [API]: 5.3481ms (Violation by 4.35ms)
2019-09-03T03:43:07.348Z [warn]: [API]: 132.721499ms (Violation by 12.72ms)
2019-09-06T05:40:41.530Z [error]: No articles found!
2019-09-06T05:40:41.530Z [error]: No articles found!
2019-09-06T05:40:43.149Z [error]: No articles found!
2019-09-06T05:40:43.149Z [error]: No articles found!
2019-09-06T05:40:45.438Z [error]: No articles found!
2019-09-06T05:40:45.438Z [error]: No articles found!
2019-09-06T05:40:47.712Z [error]: No articles found!
2019-09-06T05:40:47.712Z [error]: No articles found!
2019-09-06T05:40:49.260Z [error]: No articles found!
2019-09-06T05:40:49.260Z [error]: No articles found!
2019-09-06T05:40:51.552Z [error]: No articles found!
2019-09-06T05:40:51.552Z [error]: No articles found!
2019-09-06T05:40:53.758Z [error]: No articles found!
2019-09-06T05:40:53.758Z [error]: No articles found!
2019-09-06T05:40:55.002Z [error]: No articles found!
2019-09-06T05:40:55.002Z [error]: No articles found!
2019-09-06T05:40:57.030Z [error]: No articles found!
2019-09-06T05:40:57.030Z [error]: No articles found!
2019-09-06T05:40:59.487Z [error]: No articles found!
2019-09-06T05:40:59.487Z [error]: No articles found!
2019-09-06T05:41:01.658Z [error]: No articles found!
2019-09-06T05:41:01.658Z [error]: No articles found!
2019-09-06T05:41:04.396Z [error]: No articles found!
2019-09-06T05:41:04.396Z [error]: No articles found!
2019-09-06T05:41:58.656Z [error]: No articles found!
2019-09-06T05:41:58.656Z [error]: No articles found!
2019-09-06T05:42:01.512Z [error]: No articles found!
2019-09-06T05:42:01.512Z [error]: No articles found!
2019-09-06T05:42:02.684Z [error]: No articles found!
2019-09-06T05:42:02.684Z [error]: No articles found!
2019-09-06T05:42:03.373Z [error]: No articles found!
2019-09-06T05:42:03.373Z [error]: No articles found!
2019-09-06T05:42:04.063Z [error]: No articles found!
2019-09-06T05:42:04.063Z [error]: No articles found!
2019-09-06T05:42:04.912Z [error]: No articles found!
2019-09-06T05:42:04.912Z [error]: No articles found!
2019-09-06T05:42:06.240Z [error]: No articles found!
2019-09-06T05:42:06.240Z [error]: No articles found!
2019-09-06T05:42:06.915Z [error]: No articles found!
2019-09-06T05:42:06.915Z [error]: No articles found!
2019-09-06T05:42:07.585Z [error]: No articles found!
2019-09-06T05:42:07.585Z [error]: No articles found!
2019-09-06T05:42:08.233Z [error]: No articles found!
2019-09-06T05:42:08.233Z [error]: No articles found!
2019-09-06T05:42:08.920Z [error]: No articles found!
2019-09-06T05:42:08.920Z [error]: No articles found!
2019-09-06T05:42:09.594Z [error]: No articles found!
2019-09-06T05:42:09.594Z [error]: No articles found!
2019-09-06T05:42:10.257Z [error]: No articles found!
2019-09-06T05:42:10.257Z [error]: No articles found!
2019-09-06T05:42:10.946Z [error]: No articles found!
2019-09-06T05:42:10.946Z [error]: No articles found!
2019-09-06T05:42:11.623Z [error]: No articles found!
2019-09-06T05:42:11.623Z [error]: No articles found!
2019-09-06T05:42:12.301Z [error]: No articles found!
2019-09-06T05:42:12.301Z [error]: No articles found!
2019-09-06T05:42:14.483Z [error]: No articles found!
2019-09-06T05:42:14.483Z [error]: No articles found!
2019-09-06T05:42:15.446Z [error]: No articles found!
2019-09-06T05:42:15.446Z [error]: No articles found!
2019-09-06T05:42:17.129Z [error]: No articles found!
2019-09-06T05:42:17.129Z [error]: No articles found!
2019-09-06T05:42:19.285Z [error]: No articles found!
2019-09-06T05:42:19.285Z [error]: No articles found!
2019-09-06T05:42:21.755Z [error]: No articles found!
2019-09-06T05:42:21.755Z [error]: No articles found!
2019-09-06T05:42:23.913Z [error]: No articles found!
2019-09-06T05:42:23.913Z [error]: No articles found!
2019-09-06T05:45:08.909Z [warn]: [API Sanity test]: 9063.437801ms (Violation by 8943.44ms)
2019-09-06T05:45:12.677Z [error]: No articles found!
2019-09-06T05:45:12.677Z [error]: No articles found!
2019-09-06T05:45:14.300Z [error]: No articles found!
2019-09-06T05:45:14.300Z [error]: No articles found!
2019-09-06T05:45:15.596Z [error]: No articles found!
2019-09-06T05:45:15.596Z [error]: No articles found!
2019-09-06T05:45:17.257Z [error]: No articles found!
2019-09-06T05:45:17.257Z [error]: No articles found!
2019-09-06T05:45:18.941Z [error]: No articles found!
2019-09-06T05:45:18.941Z [error]: No articles found!
2019-09-06T05:45:21.889Z [error]: No articles found!
2019-09-06T05:45:21.889Z [error]: No articles found!
2019-09-06T05:45:24.414Z [error]: No articles found!
2019-09-06T05:45:24.414Z [error]: No articles found!
2019-09-06T05:45:26.053Z [error]: No articles found!
2019-09-06T05:45:26.053Z [error]: No articles found!
2019-09-06T05:45:28.701Z [error]: No articles found!
2019-09-06T05:45:28.701Z [error]: No articles found!
2019-09-06T05:45:31.728Z [error]: No articles found!
2019-09-06T05:45:31.728Z [error]: No articles found!
2019-09-06T05:45:34.114Z [error]: No articles found!
2019-09-06T05:45:34.114Z [error]: No articles found!
2019-09-06T05:45:36.794Z [error]: No articles found!
2019-09-06T05:45:36.794Z [error]: No articles found!
2019-09-06T05:45:38.698Z [error]: No articles found!
2019-09-06T05:45:38.698Z [error]: No articles found!
2019-09-06T05:45:42.059Z [error]: No articles found!
2019-09-06T05:45:42.059Z [error]: No articles found!
2019-09-06T05:45:44.444Z [error]: No articles found!
2019-09-06T05:45:44.444Z [error]: No articles found!
2019-09-06T05:45:46.312Z [error]: No articles found!
2019-09-06T05:45:46.312Z [error]: No articles found!
2019-09-06T05:45:47.969Z [error]: No articles found!
2019-09-06T05:45:47.969Z [error]: No articles found!
2019-09-06T05:46:10.136Z [error]: No articles found!
2019-09-06T05:46:10.136Z [error]: No articles found!
2019-09-06T05:46:12.136Z [error]: No articles found!
2019-09-06T05:46:12.136Z [error]: No articles found!
2019-09-06T05:46:14.189Z [error]: No articles found!
2019-09-06T05:46:14.189Z [error]: No articles found!
2019-09-06T05:46:14.225Z [error]: No articles found!
2019-09-06T05:46:14.225Z [error]: No articles found!
2019-09-06T05:46:15.901Z [error]: No articles found!
2019-09-06T05:46:15.901Z [error]: No articles found!
2019-09-06T05:46:15.917Z [error]: No articles found!
2019-09-06T05:46:15.917Z [error]: No articles found!
2019-09-06T05:46:18.655Z [error]: No articles found!
2019-09-06T05:46:18.655Z [error]: No articles found!
2019-09-06T05:46:18.693Z [error]: No articles found!
2019-09-06T05:46:18.693Z [error]: No articles found!
2019-09-06T05:46:21.714Z [error]: No articles found!
2019-09-06T05:46:21.714Z [error]: No articles found!
2019-09-06T05:46:21.745Z [error]: No articles found!
2019-09-06T05:46:21.745Z [error]: No articles found!
2019-09-06T05:46:24.744Z [error]: No articles found!
2019-09-06T05:46:24.744Z [error]: No articles found!
2019-09-06T05:46:24.777Z [error]: No articles found!
2019-09-06T05:46:24.777Z [error]: No articles found!
2019-09-06T05:46:27.733Z [error]: No articles found!
2019-09-06T05:46:27.733Z [error]: No articles found!
2019-09-06T05:46:27.766Z [error]: No articles found!
2019-09-06T05:46:27.766Z [error]: No articles found!
2019-09-06T05:46:30.936Z [error]: No articles found!
2019-09-06T05:46:30.936Z [error]: No articles found!
2019-09-06T05:46:30.961Z [error]: No articles found!
2019-09-06T05:46:30.961Z [error]: No articles found!
2019-09-06T05:46:33.078Z [error]: No articles found!
2019-09-06T05:46:33.078Z [error]: No articles found!
2019-09-06T05:46:33.127Z [error]: No articles found!
2019-09-06T05:46:33.127Z [error]: No articles found!
2019-09-06T05:46:35.068Z [error]: No articles found!
2019-09-06T05:46:35.068Z [error]: No articles found!
2019-09-06T05:46:35.078Z [error]: No articles found!
2019-09-06T05:46:35.078Z [error]: No articles found!
2019-09-06T05:46:36.570Z [error]: No articles found!
2019-09-06T05:46:36.570Z [error]: No articles found!
2019-09-06T05:46:36.602Z [error]: No articles found!
2019-09-06T05:46:36.602Z [error]: No articles found!
2019-09-06T05:46:38.148Z [error]: No articles found!
2019-09-06T05:46:38.148Z [error]: No articles found!
2019-09-06T05:46:38.191Z [error]: No articles found!
2019-09-06T05:46:38.191Z [error]: No articles found!
2019-09-06T05:46:40.152Z [error]: No articles found!
2019-09-06T05:46:40.152Z [error]: No articles found!
2019-09-06T05:46:40.182Z [error]: No articles found!
2019-09-06T05:46:40.182Z [error]: No articles found!
2019-09-06T05:46:41.918Z [error]: No articles found!
2019-09-06T05:46:41.918Z [error]: No articles found!
2019-09-06T05:46:41.947Z [error]: No articles found!
2019-09-06T05:46:41.947Z [error]: No articles found!
2019-09-06T05:46:44.860Z [error]: No articles found!
2019-09-06T05:46:44.860Z [error]: No articles found!
2019-09-06T05:46:46.760Z [error]: No articles found!
2019-09-06T05:46:46.760Z [error]: No articles found!
2019-09-06T05:46:46.791Z [error]: No articles found!
2019-09-06T05:46:46.791Z [error]: No articles found!
2019-09-06T05:46:49.284Z [error]: No articles found!
2019-09-06T05:46:49.284Z [error]: No articles found!
2019-09-06T05:46:49.317Z [error]: No articles found!
2019-09-06T05:46:49.317Z [error]: No articles found!
2019-09-06T05:46:50.808Z [error]: No articles found!
2019-09-06T05:46:50.808Z [error]: No articles found!
2019-09-06T05:46:53.084Z [error]: No articles found!
2019-09-06T05:46:53.084Z [error]: No articles found!
2019-09-06T05:46:53.114Z [error]: No articles found!
2019-09-06T05:46:53.114Z [error]: No articles found!
2019-09-06T05:46:55.082Z [error]: No articles found!
2019-09-06T05:46:55.082Z [error]: No articles found!
2019-09-06T05:46:55.108Z [error]: No articles found!
2019-09-06T05:46:55.108Z [error]: No articles found!
2019-09-06T05:46:57.171Z [error]: No articles found!
2019-09-06T05:46:57.171Z [error]: No articles found!
2019-09-06T05:46:57.224Z [error]: No articles found!
2019-09-06T05:46:57.224Z [error]: No articles found!
2019-09-06T05:46:59.115Z [error]: No articles found!
2019-09-06T05:46:59.115Z [error]: No articles found!
2019-09-06T05:46:59.156Z [error]: No articles found!
2019-09-06T05:46:59.153Z [warn]: [API Sanity test]: 70500.395899ms (Violation by 70380.4ms)
2019-09-06T05:46:59.156Z [error]: No articles found!
2019-09-06T05:47:01.576Z [error]: No articles found!
2019-09-06T05:47:01.576Z [error]: No articles found!
2019-09-06T05:47:04.466Z [error]: No articles found!
2019-09-06T05:47:04.466Z [error]: No articles found!
2019-09-06T05:47:04.497Z [warn]: [API Sanity test]: 75846.278399ms (Violation by 75726.28ms)
2019-09-06T05:52:24.931Z [warn]: [API Request]: 5701.990301ms (Violation by 5581.99ms)
2019-09-06T05:54:32.604Z [error]: No articles found!
2019-09-06T05:54:32.604Z [error]: No articles found!
2019-09-06T05:54:37.399Z [error]: No articles found!
2019-09-06T05:54:37.399Z [error]: No articles found!
2019-09-06T05:54:41.724Z [error]: No articles found!
2019-09-06T05:54:41.724Z [error]: No articles found!
2019-09-06T05:54:49.365Z [error]: No articles found!
2019-09-06T05:54:49.365Z [error]: No articles found!
2019-09-06T05:54:50.625Z [error]: No articles found!
2019-09-06T05:54:50.625Z [error]: No articles found!
2019-09-06T05:54:52.277Z [error]: No articles found!
2019-09-06T05:54:52.277Z [error]: No articles found!
2019-09-06T05:54:53.850Z [error]: No articles found!
2019-09-06T05:54:53.850Z [error]: No articles found!
2019-09-06T05:54:55.117Z [error]: No articles found!
2019-09-06T05:54:55.117Z [error]: No articles found!
2019-09-06T05:54:57.020Z [error]: No articles found!
2019-09-06T05:54:57.020Z [error]: No articles found!
2019-09-06T05:54:58.349Z [error]: No articles found!
2019-09-06T05:54:58.349Z [error]: No articles found!
2019-09-06T05:54:59.579Z [error]: No articles found!
2019-09-06T05:54:59.579Z [error]: No articles found!
2019-09-06T05:55:00.806Z [error]: No articles found!
2019-09-06T05:55:00.806Z [error]: No articles found!
2019-09-06T05:55:02.094Z [error]: No articles found!
2019-09-06T05:55:02.094Z [error]: No articles found!
2019-09-06T05:55:03.723Z [error]: No articles found!
2019-09-06T05:55:03.723Z [error]: No articles found!
2019-09-06T05:55:05.881Z [error]: No articles found!
2019-09-06T05:55:05.881Z [error]: No articles found!
2019-09-06T05:55:07.085Z [error]: No articles found!
2019-09-06T05:55:07.085Z [error]: No articles found!
2019-09-06T05:55:09.248Z [error]: No articles found!
2019-09-06T05:55:09.248Z [error]: No articles found!
2019-09-06T05:55:10.462Z [error]: No articles found!
2019-09-06T05:55:10.462Z [error]: No articles found!
2019-09-06T05:55:12.515Z [error]: No articles found!
2019-09-06T05:55:12.515Z [error]: No articles found!
2019-09-06T05:55:14.356Z [error]: No articles found!
2019-09-06T05:55:14.356Z [error]: No articles found!
2019-09-06T05:55:16.929Z [error]: No articles found!
2019-09-06T05:55:16.929Z [error]: No articles found!
2019-09-06T05:55:18.330Z [error]: No articles found!
2019-09-06T05:55:18.330Z [error]: No articles found!
2019-09-06T05:55:18.342Z [warn]: [API Sanity test]: 73226.0546ms (Violation by 73106.05ms)
2019-09-06T05:57:06.586Z [error]: No articles found!
2019-09-06T05:57:06.586Z [error]: No articles found!
2019-09-06T05:57:10.961Z [error]: No articles found!
2019-09-06T05:57:10.961Z [error]: No articles found!
2019-09-06T05:57:14.719Z [error]: No articles found!
2019-09-06T05:57:14.719Z [error]: No articles found!
2019-09-06T05:57:18.443Z [error]: No articles found!
2019-09-06T05:57:18.443Z [error]: No articles found!
2019-09-06T05:57:21.602Z [error]: No articles found!
2019-09-06T05:57:21.602Z [error]: No articles found!
2019-09-06T05:57:23.936Z [error]: No articles found!
2019-09-06T05:57:23.936Z [error]: No articles found!
2019-09-06T05:57:26.174Z [error]: No articles found!
2019-09-06T05:57:26.174Z [error]: No articles found!
2019-09-06T05:57:29.594Z [error]: No articles found!
2019-09-06T05:57:29.594Z [error]: No articles found!
2019-09-06T05:57:33.587Z [error]: No articles found!
2019-09-06T05:57:33.587Z [error]: No articles found!
2019-09-06T05:57:37.621Z [error]: No articles found!
2019-09-06T05:57:37.621Z [error]: No articles found!
2019-09-06T05:57:41.307Z [error]: No articles found!
2019-09-06T05:57:41.307Z [error]: No articles found!
2019-09-06T05:57:47.634Z [error]: No articles found!
2019-09-06T05:57:47.634Z [error]: No articles found!
2019-09-06T05:57:49.920Z [error]: No articles found!
2019-09-06T05:57:49.920Z [error]: No articles found!
2019-09-06T05:57:53.711Z [error]: No articles found!
2019-09-06T05:57:53.711Z [error]: No articles found!
2019-09-06T05:57:57.795Z [error]: No articles found!
2019-09-06T05:57:57.795Z [error]: No articles found!
2019-09-06T05:58:00.721Z [error]: No articles found!
2019-09-06T05:58:00.721Z [error]: No articles found!
2019-09-06T05:58:04.186Z [error]: No articles found!
2019-09-06T05:58:04.186Z [error]: No articles found!
2019-09-06T05:58:07.688Z [error]: No articles found!
2019-09-06T05:58:07.688Z [error]: No articles found!
2019-09-06T05:58:11.652Z [error]: No articles found!
2019-09-06T05:58:11.652Z [error]: No articles found!
2019-09-06T05:58:16.673Z [error]: No articles found!
2019-09-06T05:58:16.673Z [error]: No articles found!
2019-09-06T05:58:19.937Z [error]: No articles found!
2019-09-06T05:58:19.937Z [error]: No articles found!
2019-09-06T05:58:27.678Z [error]: No articles found!
2019-09-06T05:58:27.678Z [error]: No articles found!
2019-09-06T05:58:27.688Z [warn]: [API Sanity test]: 137669.9254ms (Violation by 137549.93ms)
